This is pdfTeX, Version 3.14159265-2.6-1.40.20 (MiKTeX 2.9.7140 64-bit) (preloaded format=pdflatex 2019.10.4)  7 OCT 2019 14:31
entering extended mode
**"c:/computer-science-univie/VO Informatik und Recht (051019)/2019-10-07.tex"
("c:/computer-science-univie/VO Informatik und Recht (051019)/2019-10-07.tex"
LaTeX2e <2018-12-01>
("C:\Users\Chris\AppData\Local\Programs\MiKTeX 2.9\tex/latex/base\article.cls"
Document Class: article 2018/09/03 v1.4i Standard LaTeX document class
("C:\Users\Chris\AppData\Local\Programs\MiKTeX 2.9\tex/latex/base\size12.clo"
File: size12.clo 2018/09/03 v1.4i Standard LaTeX file (size option)
)
\c@part=\count80
\c@section=\count81
\c@subsection=\count82
\c@subsubsection=\count83
\c@paragraph=\count84
\c@subparagraph=\count85
\c@figure=\count86
\c@table=\count87
\abovecaptionskip=\skip41
\belowcaptionskip=\skip42
\bibindent=\dimen102
) ("c:\computer-science-univie\VO Informatik und Recht (051019)\./.latex-tmp\2019-10-07.aux")
\openout1 = `2019-10-07.aux'.

LaTeX Font Info:    Checking defaults for OML/cmm/m/it on input line 2.
LaTeX Font Info:    ... okay on input line 2.
LaTeX Font Info:    Checking defaults for T1/cmr/m/n on input line 2.
LaTeX Font Info:    ... okay on input line 2.
LaTeX Font Info:    Checking defaults for OT1/cmr/m/n on input line 2.
LaTeX Font Info:    ... okay on input line 2.
LaTeX Font Info:    Checking defaults for OMS/cmsy/m/n on input line 2.
LaTeX Font Info:    ... okay on input line 2.
LaTeX Font Info:    Checking defaults for OMX/cmex/m/n on input line 2.
LaTeX Font Info:    ... okay on input line 2.
LaTeX Font Info:    Checking defaults for U/cmr/m/n on input line 2.
LaTeX Font Info:    ... okay on input line 2.
LaTeX Font Info:    Try loading font information for OMS+cmr on input line 11.
 ("C:\Users\Chris\AppData\Local\Programs\MiKTeX 2.9\tex/latex/base\omscmr.fd"
File: omscmr.fd 2014/09/29 v2.5h Standard LaTeX font definitions
)
LaTeX Font Info:    Font shape `OMS/cmr/m/n' in size <12> not available
(Font)              Font shape `OMS/cmsy/m/n' tried instead on input line 11.
 [1

{C:/Users/Chris/AppData/Local/MiKTeX/2.9/pdftex/config/pdftex.map}]
LaTeX Font Info:    External font `cmex10' loaded for size
(Font)              <12> on input line 52.
LaTeX Font Info:    External font `cmex10' loaded for size
(Font)              <8> on input line 52.
LaTeX Font Info:    External font `cmex10' loaded for size
(Font)              <6> on input line 52.
 [2]
Overfull \hbox (4.64186pt too wide) in paragraph at lines 99--100
[]\OT1/cmr/m/n/12 Regierungsvorschlag $\OMS/cmsy/m/n/12 !$ \OT1/cmr/m/n/12 Na-tion-al-rat (183 Ab-ge-ord-nete, Par-la-ment). 
 []


Overfull \hbox (15.30353pt too wide) in paragraph at lines 125--126
[]\OT1/cmr/m/n/12 Grundrechte (Mei-n-ungs-frei-heit, Re-li-gion-sausubung, \OT1/cmr/bx/n/12 Daten-schutz\OT1/cmr/m/n/12 , Eigen-
 []

[3] [4] ("c:\computer-science-univie\VO Informatik und Recht (051019)\./.latex-tmp\2019-10-07.aux") ) 
Here is how much of TeX's memory you used:
 255 strings out of 492895
 3637 string characters out of 3123735
 63742 words of memory out of 3000000
 4242 multiletter control sequences out of 15000+200000
 7894 words of font info for 28 fonts, out of 3000000 for 9000
 1141 hyphenation exceptions out of 8191
 22i,4n,19p,229b,231s stack positions out of 5000i,500n,10000p,200000b,50000s
<C:/Users/Chris/AppData/Local/Programs/MiKTeX 2.9/fonts/type1/public/amsfonts/cm/cmbx12.pfb><C:/Users/Chris/AppData/Local/Programs/MiKTeX 2.9/fonts/type1/public/amsfonts/cm/cmr12.pfb><C:/Users/Chris/AppData/Local/Programs/MiKTeX 2.9/fonts/type1/public/amsfonts/cm/cmsy10.pfb>
Output written on "c:\computer-science-univie\VO Informatik und Recht (051019)\.latex-tmp\2019-10-07.pdf" (4 pages, 48117 bytes).
PDF statistics:
 27 PDF objects out of 1000 (max. 8388607)
 0 named destinations out of 1000 (max. 500000)
 1 words of extra memory for PDF output out of 10000 (max. 10000000)

